0 info it worked if it ends with ok
1 verbose cli [ 'node',
1 verbose cli   '/usr/bin/npm',
1 verbose cli   'install',
1 verbose cli   '/home/jacekwysocki/.vim/bundle/tern_for_vim' ]
2 info using npm@1.3.6
3 info using node@v0.10.29
4 verbose cache add [ '/home/jacekwysocki/.vim/bundle/tern_for_vim', null ]
5 verbose cache add name=undefined spec="/home/jacekwysocki/.vim/bundle/tern_for_vim" args=["/home/jacekwysocki/.vim/bundle/tern_for_vim",null]
6 verbose parsed url { protocol: null,
6 verbose parsed url   slashes: null,
6 verbose parsed url   auth: null,
6 verbose parsed url   host: null,
6 verbose parsed url   port: null,
6 verbose parsed url   hostname: null,
6 verbose parsed url   hash: null,
6 verbose parsed url   search: null,
6 verbose parsed url   query: null,
6 verbose parsed url   pathname: '/home/jacekwysocki/.vim/bundle/tern_for_vim',
6 verbose parsed url   path: '/home/jacekwysocki/.vim/bundle/tern_for_vim',
6 verbose parsed url   href: '/home/jacekwysocki/.vim/bundle/tern_for_vim' }
7 silly lockFile 99788255-kwysocki-vim-bundle-tern-for-vim /home/jacekwysocki/.vim/bundle/tern_for_vim
8 verbose lock /home/jacekwysocki/.vim/bundle/tern_for_vim /home/jacekwysocki/.npm/99788255-kwysocki-vim-bundle-tern-for-vim.lock
9 silly lockFile 99788255-kwysocki-vim-bundle-tern-for-vim /home/jacekwysocki/.vim/bundle/tern_for_vim
10 silly lockFile 99788255-kwysocki-vim-bundle-tern-for-vim /home/jacekwysocki/.vim/bundle/tern_for_vim
11 error addLocal Could not install /home/jacekwysocki/.vim/bundle/tern_for_vim
12 error Error: ENOENT, stat '/home/jacekwysocki/.vim/bundle/tern_for_vim'
13 error If you need help, you may report this log at:
13 error     <http://github.com/isaacs/npm/issues>
13 error or email it to:
13 error     <npm-@googlegroups.com>
14 error System Linux 3.15.6-200.fc20.x86_64
15 error command "node" "/usr/bin/npm" "install" "/home/jacekwysocki/.vim/bundle/tern_for_vim"
16 error cwd /home/jacekwysocki/Dropbox/Dotfiles/vim
17 error node -v v0.10.29
18 error npm -v 1.3.6
19 error path /home/jacekwysocki/.vim/bundle/tern_for_vim
20 error code ENOENT
21 error errno 34
22 verbose exit [ 34, true ]
